<?xml version="1.0" encoding="UTF-8"?>
<testsuite xmlns:xsi="http://www.w3.org/2001/XMLSchema-instance" xsi:noNamespaceSchemaLocation="https://maven.apache.org/surefire/maven-surefire-plugin/xsd/surefire-test-report.xsd" name="com.carl.test.AppTest" time="0.025" tests="1" errors="0" skipped="0" failures="0">
  <properties>
    <property name="sun.desktop" value="windows"/>
    <property name="awt.toolkit" value="sun.awt.windows.WToolkit"/>
    <property name="file.encoding.pkg" value="sun.io"/>
    <property name="java.specification.version" value="1.8"/>
    <property name="sun.cpu.isalist" value="amd64"/>
    <property name="sun.jnu.encoding" value="GBK"/>
    <property name="java.class.path" value="E:\WorkSpace\mybatis\target\test-classes;E:\WorkSpace\mybatis\target\classes;C:\Users\huach\.m2\repository\junit\junit\4.12\junit-4.12.jar;C:\Users\huach\.m2\repository\org\hamcrest\hamcrest-core\1.3\hamcrest-core-1.3.jar;"/>
    <property name="java.vm.vendor" value="Oracle Corporation"/>
    <property name="sun.arch.data.model" value="64"/>
    <property name="user.variant" value=""/>
    <property name="java.vendor.url" value="http://java.oracle.com/"/>
    <property name="user.timezone" value="Asia/Shanghai"/>
    <property name="java.vm.specification.version" value="1.8"/>
    <property name="os.name" value="Windows 10"/>
    <property name="user.country" value="CN"/>
    <property name="sun.java.launcher" value="SUN_STANDARD"/>
    <property name="sun.boot.library.path" value="D:\Develop\Java\jdk1.8.0_144\jre\bin"/>
    <property name="sun.java.command" value="C:\Users\huach\AppData\Local\Temp\surefire3558249473383816988\surefirebooter5775333018560221351.jar C:\Users\huach\AppData\Local\Temp\surefire3558249473383816988 2019-10-15T19-21-16_167-jvmRun1 surefire8179424899166571531tmp surefire_04531592078777280153tmp"/>
    <property name="surefire.test.class.path" value="E:\WorkSpace\mybatis\target\test-classes;E:\WorkSpace\mybatis\target\classes;C:\Users\huach\.m2\repository\junit\junit\4.12\junit-4.12.jar;C:\Users\huach\.m2\repository\org\hamcrest\hamcrest-core\1.3\hamcrest-core-1.3.jar;"/>
    <property name="sun.cpu.endian" value="little"/>
    <property name="user.home" value="C:\Users\huach"/>
    <property name="user.language" value="zh"/>
    <property name="java.specification.vendor" value="Oracle Corporation"/>
    <property name="java.home" value="D:\Develop\Java\jdk1.8.0_144\jre"/>
    <property name="basedir" value="E:\WorkSpace\mybatis"/>
    <property name="file.separator" value="\"/>
    <property name="line.separator" value="&#10;"/>
    <property name="java.vm.specification.vendor" value="Oracle Corporation"/>
    <property name="java.specification.name" value="Java Platform API Specification"/>
    <property name="java.awt.graphicsenv" value="sun.awt.Win32GraphicsEnvironment"/>
    <property name="surefire.real.class.path" value="C:\Users\huach\AppData\Local\Temp\surefire3558249473383816988\surefirebooter5775333018560221351.jar"/>
    <property name="sun.boot.class.path" value="D:\Develop\Java\jdk1.8.0_144\jre\lib\resources.jar;D:\Develop\Java\jdk1.8.0_144\jre\lib\rt.jar;D:\Develop\Java\jdk1.8.0_144\jre\lib\sunrsasign.jar;D:\Develop\Java\jdk1.8.0_144\jre\lib\jsse.jar;D:\Develop\Java\jdk1.8.0_144\jre\lib\jce.jar;D:\Develop\Java\jdk1.8.0_144\jre\lib\charsets.jar;D:\Develop\Java\jdk1.8.0_144\jre\lib\jfr.jar;D:\Develop\Java\jdk1.8.0_144\jre\classes"/>
    <property name="user.script" value=""/>
    <property name="sun.management.compiler" value="HotSpot 64-Bit Tiered Compilers"/>
    <property name="java.runtime.version" value="1.8.0_144-b01"/>
    <property name="user.name" value="huach"/>
    <property name="path.separator" value=";"/>
    <property name="os.version" value="10.0"/>
    <property name="java.endorsed.dirs" value="D:\Develop\Java\jdk1.8.0_144\jre\lib\endorsed"/>
    <property name="java.runtime.name" value="Java(TM) SE Runtime Environment"/>
    <property name="file.encoding" value="GBK"/>
    <property name="java.vm.name" value="Java HotSpot(TM) 64-Bit Server VM"/>
    <property name="localRepository" value="C:\Users\huach\.m2\repository"/>
    <property name="java.vendor.url.bug" value="http://bugreport.sun.com/bugreport/"/>
    <property name="java.io.tmpdir" value="C:\Users\huach\AppData\Local\Temp\"/>
    <property name="java.version" value="1.8.0_144"/>
    <property name="user.dir" value="E:\WorkSpace\mybatis"/>
    <property name="os.arch" value="amd64"/>
    <property name="java.vm.specification.name" value="Java Virtual Machine Specification"/>
    <property name="java.awt.printerjob" value="sun.awt.windows.WPrinterJob"/>
    <property name="sun.os.patch.level" value=""/>
    <property name="idea.version2019.2" value="true"/>
    <property name="java.library.path" value="D:\Develop\Java\jdk1.8.0_144\jre\bin;C:\Windows\Sun\Java\bin;C:\Windows\system32;C:\Windows;D:\Develop\IntelliJ IDEA 2019.2\jbr\\bin;D:\Develop\IntelliJ IDEA 2019.2\jbr\\bin\server;C:\ProgramData\Oracle\Java\javapath;C:\Windows\system32;C:\Windows;C:\Windows\System32\Wbem;C:\Windows\System32\WindowsPowerShell\v1.0\;C:\Windows\System32\OpenSSH\;D:\Develop\nodejs\;D:\Develop\Git\cmd;C:\Users\huach\AppData\Local\Microsoft\WindowsApps;D:\Develop\Java\jdk1.8.0_144\bin;D:\Develop\Microsoft VS Code\bin;D:\Develop\mongodb\bin;C:\Users\huach\AppData\Roaming\npm;C:\Users\huach\AppData\Local\GitHubDesktop\bin;D:\Develop\gradle-5.6.2\bin;D:\Develop\mysql-8.0.11-winx64\bin;D:\Develop\apache-maven-3.6.2\bin;;."/>
    <property name="java.vm.info" value="mixed mode"/>
    <property name="java.vendor" value="Oracle Corporation"/>
    <property name="java.vm.version" value="25.144-b01"/>
    <property name="java.ext.dirs" value="D:\Develop\Java\jdk1.8.0_144\jre\lib\ext;C:\Windows\Sun\Java\lib\ext"/>
    <property name="sun.io.unicode.encoding" value="UnicodeLittle"/>
    <property name="java.class.version" value="52.0"/>
  </properties>
  <testcase name="shouldAnswerWithTrue" classname="com.carl.test.AppTest" time="0.001"/>
</testsuite>